<?xml version="1.0" encoding="UTF-8"?>
<!-- Generated by org.testng.reporters.JUnitXMLReporter -->
<testsuite hostname="ETHYDLP084" ignored="0" name="Test" tests="21" failures="3" timestamp="14 Feb 2018 08:33:22 GMT" time="349.97" errors="0">
  <testcase name="editorLogin" time="10.584" classname="letzNavTestFrameWork.letzNavTestScripts.letzNavEditorRegression"/>
  <testcase name="preValidationTest" time="20.079" classname="letzNavTestFrameWork.letzNavTestScripts.letzNavEditorRegression"/>
  <testcase name="validateValidation" time="10.061" classname="letzNavTestFrameWork.letzNavTestScripts.letzNavEditorRegression"/>
  <testcase name="validateValidation" time="10.029" classname="letzNavTestFrameWork.letzNavTestScripts.letzNavEditorRegression"/>
  <testcase name="validateValidation" time="10.06" classname="letzNavTestFrameWork.letzNavTestScripts.letzNavEditorRegression"/>
  <testcase name="preNavTipSetUp" time="10.059" classname="letzNavTestFrameWork.letzNavTestScripts.letzNavEditorRegression">
    <failure type="org.openqa.selenium.NoSuchElementException" message="no such element: Unable to locate element: {&amp;quot;method&amp;quot;:&amp;quot;xpath&amp;quot;,&amp;quot;selector&amp;quot;:&amp;quot;//back-btn[@backto=&amp;apos;admin/forms&amp;apos;]/span&amp;quot;}
  (Session info: chrome=64.0.3282.140)
  (Driver info: chromedriver=2.33.506120 (e3e53437346286c0bc2d2dc9aa4915ba81d9023f),platform=Windows NT 10.0.16299 x86_64) (WARNING: The server did not provide any stacktrace information)
Command duration or timeout: 10.05 seconds
For documentation on this error, please visit: http://seleniumhq.org/exceptions/no_such_element.html
Build info: version: &amp;apos;3.4.0&amp;apos;, revision: &amp;apos;unknown&amp;apos;, time: &amp;apos;unknown&amp;apos;
System info: host: &amp;apos;ETHYDLP084&amp;apos;, ip: &amp;apos;192.168.14.93&amp;apos;, os.name: &amp;apos;Windows 10&amp;apos;, os.arch: &amp;apos;amd64&amp;apos;, os.version: &amp;apos;10.0&amp;apos;, java.version: &amp;apos;1.8.0_151&amp;apos;
Driver info: org.openqa.selenium.chrome.ChromeDriver
Capabilities [{applicationCacheEnabled=false, rotatable=false, mobileEmulationEnabled=false, networkConnectionEnabled=false, chrome={chromedriverVersion=2.33.506120 (e3e53437346286c0bc2d2dc9aa4915ba81d9023f), userDataDir=C:\Users\ankur.sh\AppData\Local\Temp\scoped_dir2296_32227}, takesHeapSnapshot=true, pageLoadStrategy=normal, databaseEnabled=false, handlesAlerts=true, hasTouchScreen=false, version=64.0.3282.140, platform=XP, browserConnectionEnabled=false, nativeEvents=true, acceptSslCerts=true, locationContextEnabled=true, webStorageEnabled=true, browserName=chrome, takesScreenshot=true, javascriptEnabled=true, cssSelectorsEnabled=true, setWindowRect=true, unexpectedAlertBehaviour=}]
Session ID: 5cdb0d1da47955302af5657d38b60701
*** Element info: {Using=xpath, value=//back-btn[@backto=&amp;apos;admin/forms&amp;apos;]/span}">
      <![CDATA[org.openqa.selenium.NoSuchElementException: no such element: Unable to locate element: {"method":"xpath","selector":"//back-btn[@backto='admin/forms']/span"}  (Session info: chrome=64.0.3282.140)  (Driver info: chromedriver=2.33.506120 (e3e53437346286c0bc2d2dc9aa4915ba81d9023f),platform=Windows NT 10.0.16299 x86_64) (WARNING: The server did not provide any stacktrace information)Command duration or timeout: 10.05 secondsFor documentation on this error, please visit: http://seleniumhq.org/exceptions/no_such_element.htmlBuild info: version: '3.4.0', revision: 'unknown', time: 'unknown'System info: host: 'ETHYDLP084', ip: '192.168.14.93', os.name: 'Windows 10', os.arch: 'amd64', os.version: '10.0', java.version: '1.8.0_151'Driver info: org.openqa.selenium.chrome.ChromeDriverCapabilities [{applicationCacheEnabled=false, rotatable=false, mobileEmulationEnabled=false, networkConnectionEnabled=false, chrome={chromedriverVersion=2.33.506120 (e3e53437346286c0bc2d2dc9aa4915ba81d9023f), userDataDir=C:\Users\ankur.sh\AppData\Local\Temp\scoped_dir2296_32227}, takesHeapSnapshot=true, pageLoadStrategy=normal, databaseEnabled=false, handlesAlerts=true, hasTouchScreen=false, version=64.0.3282.140, platform=XP, browserConnectionEnabled=false, nativeEvents=true, acceptSslCerts=true, locationContextEnabled=true, webStorageEnabled=true, browserName=chrome, takesScreenshot=true, javascriptEnabled=true, cssSelectorsEnabled=true, setWindowRect=true, unexpectedAlertBehaviour=}]Session ID: 5cdb0d1da47955302af5657d38b60701*** Element info: {Using=xpath, value=//back-btn[@backto='admin/forms']/span}at org.openqa.selenium.remote.ErrorHandler.createThrowable(ErrorHandler.java:215)at org.openqa.selenium.remote.ErrorHandler.throwIfResponseFailed(ErrorHandler.java:167)at org.openqa.selenium.remote.RemoteWebDriver.execute(RemoteWebDriver.java:671)at org.openqa.selenium.remote.RemoteWebDriver.findElement(RemoteWebDriver.java:410)at org.openqa.selenium.remote.RemoteWebDriver.findElementByXPath(RemoteWebDriver.java:509)at org.openqa.selenium.By$ByXPath.findElement(By.java:361)at org.openqa.selenium.remote.RemoteWebDriver.findElement(RemoteWebDriver.java:402)at letzNavTestFrameWork.letzNavTestScripts.letzNavEditorRegression.preNavTipSetUp(letzNavEditorRegression.java:142)... Removed 29 stack frames]]>
    </failure>
  </testcase> <!-- preNavTipSetUp -->
  <testcase name="preNavTipTest" time="20.12" classname="letzNavTestFrameWork.letzNavTestScripts.letzNavEditorRegression"/>
  <testcase name="validateNavTips" time="10.05" classname="letzNavTestFrameWork.letzNavTestScripts.letzNavEditorRegression"/>
  <testcase name="validateNavTips" time="10.045" classname="letzNavTestFrameWork.letzNavTestScripts.letzNavEditorRegression"/>
  <testcase name="validateNavTips" time="10.041" classname="letzNavTestFrameWork.letzNavTestScripts.letzNavEditorRegression"/>
  <testcase name="preLauncherSetUp" time="10.067" classname="letzNavTestFrameWork.letzNavTestScripts.letzNavEditorRegression"/>
  <testcase name="preLauncherTest" time="20.078" classname="letzNavTestFrameWork.letzNavTestScripts.letzNavEditorRegression"/>
  <testcase name="validateLaunchers" time="10.07" classname="letzNavTestFrameWork.letzNavTestScripts.letzNavEditorRegression"/>
  <testcase name="validateLaunchers" time="10.078" classname="letzNavTestFrameWork.letzNavTestScripts.letzNavEditorRegression"/>
  <testcase name="validateLaunchers" time="10.079" classname="letzNavTestFrameWork.letzNavTestScripts.letzNavEditorRegression"/>
  <testcase name="preWorkFlowSetUp" time="10.138" classname="letzNavTestFrameWork.letzNavTestScripts.letzNavEditorRegression">
    <failure type="org.openqa.selenium.NoSuchElementException" message="no such element: Unable to locate element: {&amp;quot;method&amp;quot;:&amp;quot;xpath&amp;quot;,&amp;quot;selector&amp;quot;:&amp;quot;//back-btn/span[@class=&amp;apos;letznav-panel-btn back&amp;apos;]&amp;quot;}
  (Session info: chrome=64.0.3282.140)
  (Driver info: chromedriver=2.33.506120 (e3e53437346286c0bc2d2dc9aa4915ba81d9023f),platform=Windows NT 10.0.16299 x86_64) (WARNING: The server did not provide any stacktrace information)
Command duration or timeout: 10.14 seconds
For documentation on this error, please visit: http://seleniumhq.org/exceptions/no_such_element.html
Build info: version: &amp;apos;3.4.0&amp;apos;, revision: &amp;apos;unknown&amp;apos;, time: &amp;apos;unknown&amp;apos;
System info: host: &amp;apos;ETHYDLP084&amp;apos;, ip: &amp;apos;192.168.14.93&amp;apos;, os.name: &amp;apos;Windows 10&amp;apos;, os.arch: &amp;apos;amd64&amp;apos;, os.version: &amp;apos;10.0&amp;apos;, java.version: &amp;apos;1.8.0_151&amp;apos;
Driver info: org.openqa.selenium.chrome.ChromeDriver
Capabilities [{applicationCacheEnabled=false, rotatable=false, mobileEmulationEnabled=false, networkConnectionEnabled=false, chrome={chromedriverVersion=2.33.506120 (e3e53437346286c0bc2d2dc9aa4915ba81d9023f), userDataDir=C:\Users\ankur.sh\AppData\Local\Temp\scoped_dir2296_32227}, takesHeapSnapshot=true, pageLoadStrategy=normal, databaseEnabled=false, handlesAlerts=true, hasTouchScreen=false, version=64.0.3282.140, platform=XP, browserConnectionEnabled=false, nativeEvents=true, acceptSslCerts=true, locationContextEnabled=true, webStorageEnabled=true, browserName=chrome, takesScreenshot=true, javascriptEnabled=true, cssSelectorsEnabled=true, setWindowRect=true, unexpectedAlertBehaviour=}]
Session ID: 5cdb0d1da47955302af5657d38b60701
*** Element info: {Using=xpath, value=//back-btn/span[@class=&amp;apos;letznav-panel-btn back&amp;apos;]}">
      <![CDATA[org.openqa.selenium.NoSuchElementException: no such element: Unable to locate element: {"method":"xpath","selector":"//back-btn/span[@class='letznav-panel-btn back']"}  (Session info: chrome=64.0.3282.140)  (Driver info: chromedriver=2.33.506120 (e3e53437346286c0bc2d2dc9aa4915ba81d9023f),platform=Windows NT 10.0.16299 x86_64) (WARNING: The server did not provide any stacktrace information)Command duration or timeout: 10.14 secondsFor documentation on this error, please visit: http://seleniumhq.org/exceptions/no_such_element.htmlBuild info: version: '3.4.0', revision: 'unknown', time: 'unknown'System info: host: 'ETHYDLP084', ip: '192.168.14.93', os.name: 'Windows 10', os.arch: 'amd64', os.version: '10.0', java.version: '1.8.0_151'Driver info: org.openqa.selenium.chrome.ChromeDriverCapabilities [{applicationCacheEnabled=false, rotatable=false, mobileEmulationEnabled=false, networkConnectionEnabled=false, chrome={chromedriverVersion=2.33.506120 (e3e53437346286c0bc2d2dc9aa4915ba81d9023f), userDataDir=C:\Users\ankur.sh\AppData\Local\Temp\scoped_dir2296_32227}, takesHeapSnapshot=true, pageLoadStrategy=normal, databaseEnabled=false, handlesAlerts=true, hasTouchScreen=false, version=64.0.3282.140, platform=XP, browserConnectionEnabled=false, nativeEvents=true, acceptSslCerts=true, locationContextEnabled=true, webStorageEnabled=true, browserName=chrome, takesScreenshot=true, javascriptEnabled=true, cssSelectorsEnabled=true, setWindowRect=true, unexpectedAlertBehaviour=}]Session ID: 5cdb0d1da47955302af5657d38b60701*** Element info: {Using=xpath, value=//back-btn/span[@class='letznav-panel-btn back']}at org.openqa.selenium.remote.ErrorHandler.createThrowable(ErrorHandler.java:215)at org.openqa.selenium.remote.ErrorHandler.throwIfResponseFailed(ErrorHandler.java:167)at org.openqa.selenium.remote.RemoteWebDriver.execute(RemoteWebDriver.java:671)at org.openqa.selenium.remote.RemoteWebDriver.findElement(RemoteWebDriver.java:410)at org.openqa.selenium.remote.RemoteWebDriver.findElementByXPath(RemoteWebDriver.java:509)at org.openqa.selenium.By$ByXPath.findElement(By.java:361)at org.openqa.selenium.remote.RemoteWebDriver.findElement(RemoteWebDriver.java:402)at letzNavTestFrameWork.letzNavTestScripts.letzNavEditorRegression.preWorkFlowSetUp(letzNavEditorRegression.java:218)... Removed 28 stack frames]]>
    </failure>
  </testcase> <!-- preWorkFlowSetUp -->
  <testcase name="preWorkFlowTest" time="10.039" classname="letzNavTestFrameWork.letzNavTestScripts.letzNavEditorRegression"/>
  <testcase name="validateWorkFlows" time="10.079" classname="letzNavTestFrameWork.letzNavTestScripts.letzNavEditorRegression"/>
  <testcase name="validateWorkFlows" time="10.06" classname="letzNavTestFrameWork.letzNavTestScripts.letzNavEditorRegression"/>
  <testcase name="validateWorkFlows" time="10.072" classname="letzNavTestFrameWork.letzNavTestScripts.letzNavEditorRegression"/>
  <testcase name="postWorkFlowCreation" time="10.077" classname="letzNavTestFrameWork.letzNavTestScripts.letzNavEditorRegression">
    <failure type="org.openqa.selenium.NoSuchElementException" message="no such element: Unable to locate element: {&amp;quot;method&amp;quot;:&amp;quot;xpath&amp;quot;,&amp;quot;selector&amp;quot;:&amp;quot;//flow-view/step-view/div/div/span[@aria-haspopup=&amp;apos;true&amp;apos;]&amp;quot;}
  (Session info: chrome=64.0.3282.140)
  (Driver info: chromedriver=2.33.506120 (e3e53437346286c0bc2d2dc9aa4915ba81d9023f),platform=Windows NT 10.0.16299 x86_64) (WARNING: The server did not provide any stacktrace information)
Command duration or timeout: 10.07 seconds
For documentation on this error, please visit: http://seleniumhq.org/exceptions/no_such_element.html
Build info: version: &amp;apos;3.4.0&amp;apos;, revision: &amp;apos;unknown&amp;apos;, time: &amp;apos;unknown&amp;apos;
System info: host: &amp;apos;ETHYDLP084&amp;apos;, ip: &amp;apos;192.168.14.93&amp;apos;, os.name: &amp;apos;Windows 10&amp;apos;, os.arch: &amp;apos;amd64&amp;apos;, os.version: &amp;apos;10.0&amp;apos;, java.version: &amp;apos;1.8.0_151&amp;apos;
Driver info: org.openqa.selenium.chrome.ChromeDriver
Capabilities [{applicationCacheEnabled=false, rotatable=false, mobileEmulationEnabled=false, networkConnectionEnabled=false, chrome={chromedriverVersion=2.33.506120 (e3e53437346286c0bc2d2dc9aa4915ba81d9023f), userDataDir=C:\Users\ankur.sh\AppData\Local\Temp\scoped_dir2296_32227}, takesHeapSnapshot=true, pageLoadStrategy=normal, databaseEnabled=false, handlesAlerts=true, hasTouchScreen=false, version=64.0.3282.140, platform=XP, browserConnectionEnabled=false, nativeEvents=true, acceptSslCerts=true, locationContextEnabled=true, webStorageEnabled=true, browserName=chrome, takesScreenshot=true, javascriptEnabled=true, cssSelectorsEnabled=true, setWindowRect=true, unexpectedAlertBehaviour=}]
Session ID: 5cdb0d1da47955302af5657d38b60701
*** Element info: {Using=xpath, value=//flow-view/step-view/div/div/span[@aria-haspopup=&amp;apos;true&amp;apos;]}">
      <![CDATA[org.openqa.selenium.NoSuchElementException: no such element: Unable to locate element: {"method":"xpath","selector":"//flow-view/step-view/div/div/span[@aria-haspopup='true']"}  (Session info: chrome=64.0.3282.140)  (Driver info: chromedriver=2.33.506120 (e3e53437346286c0bc2d2dc9aa4915ba81d9023f),platform=Windows NT 10.0.16299 x86_64) (WARNING: The server did not provide any stacktrace information)Command duration or timeout: 10.07 secondsFor documentation on this error, please visit: http://seleniumhq.org/exceptions/no_such_element.htmlBuild info: version: '3.4.0', revision: 'unknown', time: 'unknown'System info: host: 'ETHYDLP084', ip: '192.168.14.93', os.name: 'Windows 10', os.arch: 'amd64', os.version: '10.0', java.version: '1.8.0_151'Driver info: org.openqa.selenium.chrome.ChromeDriverCapabilities [{applicationCacheEnabled=false, rotatable=false, mobileEmulationEnabled=false, networkConnectionEnabled=false, chrome={chromedriverVersion=2.33.506120 (e3e53437346286c0bc2d2dc9aa4915ba81d9023f), userDataDir=C:\Users\ankur.sh\AppData\Local\Temp\scoped_dir2296_32227}, takesHeapSnapshot=true, pageLoadStrategy=normal, databaseEnabled=false, handlesAlerts=true, hasTouchScreen=false, version=64.0.3282.140, platform=XP, browserConnectionEnabled=false, nativeEvents=true, acceptSslCerts=true, locationContextEnabled=true, webStorageEnabled=true, browserName=chrome, takesScreenshot=true, javascriptEnabled=true, cssSelectorsEnabled=true, setWindowRect=true, unexpectedAlertBehaviour=}]Session ID: 5cdb0d1da47955302af5657d38b60701*** Element info: {Using=xpath, value=//flow-view/step-view/div/div/span[@aria-haspopup='true']}at org.openqa.selenium.remote.ErrorHandler.createThrowable(ErrorHandler.java:215)at org.openqa.selenium.remote.ErrorHandler.throwIfResponseFailed(ErrorHandler.java:167)at org.openqa.selenium.remote.RemoteWebDriver.execute(RemoteWebDriver.java:671)at org.openqa.selenium.remote.RemoteWebDriver.findElement(RemoteWebDriver.java:410)at org.openqa.selenium.remote.RemoteWebDriver.findElementByXPath(RemoteWebDriver.java:509)at org.openqa.selenium.By$ByXPath.findElement(By.java:361)at org.openqa.selenium.remote.RemoteWebDriver.findElement(RemoteWebDriver.java:402)at letzNavTestFrameWork.letzNavTestScripts.letzNavEditorRegression.postWorkFlowCreation(letzNavEditorRegression.java:258)... Removed 28 stack frames]]>
    </failure>
  </testcase> <!-- postWorkFlowCreation -->
</testsuite> <!-- Test -->
