<html>
<head>
<title>TestNG:  Test</title>
<link href="../testng.css" rel="stylesheet" type="text/css" />
<link href="../my-testng.css" rel="stylesheet" type="text/css" />

<style type="text/css">
.log { display: none;} 
.stack-trace { display: none;} 
</style>
<script type="text/javascript">
<!--
function flip(e) {
  current = e.style.display;
  if (current == 'block') {
    e.style.display = 'none';
    return 0;
  }
  else {
    e.style.display = 'block';
    return 1;
  }
}

function toggleBox(szDivId, elem, msg1, msg2)
{
  var res = -1;  if (document.getElementById) {
    res = flip(document.getElementById(szDivId));
  }
  else if (document.all) {
    // this is the way old msie versions work
    res = flip(document.all[szDivId]);
  }
  if(elem) {
    if(res == 0) elem.innerHTML = msg1; else elem.innerHTML = msg2;
  }

}

function toggleAllBoxes() {
  if (document.getElementsByTagName) {
    d = document.getElementsByTagName('div');
    for (i = 0; i < d.length; i++) {
      if (d[i].className == 'log') {
        flip(d[i]);
      }
    }
  }
}

// -->
</script>

</head>
<body>
<h2 align='center'>Test</h2><table border='1' align="center">
<tr>
<td>Tests passed/Failed/Skipped:</td><td>18/3/0</td>
</tr><tr>
<td>Started on:</td><td>Wed Feb 14 13:57:32 IST 2018</td>
</tr>
<tr><td>Total time:</td><td>349 seconds (349970 ms)</td>
</tr><tr>
<td>Included groups:</td><td></td>
</tr><tr>
<td>Excluded groups:</td><td></td>
</tr>
</table><p/>
<small><i>(Hover the method name to see the test class name)</i></small><p/>
<table width='100%' border='1' class='invocation-failed'>
<tr><td colspan='4' align='center'><b>FAILED TESTS</b></td></tr>
<tr><td><b>Test method</b></td>
<td width="30%"><b>Exception</b></td>
<td width="10%"><b>Time (seconds)</b></td>
<td><b>Instance</b></td>
</tr>
<tr>
<td title='letzNavTestFrameWork.letzNavTestScripts.letzNavEditorRegression.postWorkFlowCreation()'><b>postWorkFlowCreation</b><br>Test class: letzNavTestFrameWork.letzNavTestScripts.letzNavEditorRegression</td>
<td><div><pre>org.openqa.selenium.NoSuchElementException: no such element: Unable to locate element: {&quot;method&quot;:&quot;xpath&quot;,&quot;selector&quot;:&quot;//flow-view/step-view/div/div/span[@aria-haspopup=&apos;true&apos;]&quot;}
  (Session info: chrome=64.0.3282.140)
  (Driver info: chromedriver=2.33.506120 (e3e53437346286c0bc2d2dc9aa4915ba81d9023f),platform=Windows NT 10.0.16299 x86_64) (WARNING: The server did not provide any stacktrace information)
Command duration or timeout: 10.07 seconds
For documentation on this error, please visit: http://seleniumhq.org/exceptions/no_such_element.html
Build info: version: &apos;3.4.0&apos;, revision: &apos;unknown&apos;, time: &apos;unknown&apos;
System info: host: &apos;ETHYDLP084&apos;, ip: &apos;192.168.14.93&apos;, os.name: &apos;Windows 10&apos;, os.arch: &apos;amd64&apos;, os.version: &apos;10.0&apos;, java.version: &apos;1.8.0_151&apos;
Driver info: org.openqa.selenium.chrome.ChromeDriver
Capabilities [{applicationCacheEnabled=false, rotatable=false, mobileEmulationEnabled=false, networkConnectionEnabled=false, chrome={chromedriverVersion=2.33.506120 (e3e53437346286c0bc2d2dc9aa4915ba81d9023f), userDataDir=C:\Users\ankur.sh\AppData\Local\Temp\scoped_dir2296_32227}, takesHeapSnapshot=true, pageLoadStrategy=normal, databaseEnabled=false, handlesAlerts=true, hasTouchScreen=false, version=64.0.3282.140, platform=XP, browserConnectionEnabled=false, nativeEvents=true, acceptSslCerts=true, locationContextEnabled=true, webStorageEnabled=true, browserName=chrome, takesScreenshot=true, javascriptEnabled=true, cssSelectorsEnabled=true, setWindowRect=true, unexpectedAlertBehaviour=}]
Session ID: 5cdb0d1da47955302af5657d38b60701
*** Element info: {Using=xpath, value=//flow-view/step-view/div/div/span[@aria-haspopup=&apos;true&apos;]}
	at org.openqa.selenium.remote.ErrorHandler.createThrowable(ErrorHandler.java:215)
	at org.openqa.selenium.remote.ErrorHandler.throwIfResponseFailed(ErrorHandler.java:167)
	at org.openqa.selenium.remote.RemoteWebDriver.execute(RemoteWebDriver.java:671)
	at org.openqa.selenium.remote.RemoteWebDriver.findElement(RemoteWebDriver.java:410)
	at org.openqa.selenium.remote.RemoteWebDriver.findElementByXPath(RemoteWebDriver.java:509)
	at org.openqa.selenium.By$ByXPath.findElement(By.java:361)
	at org.openqa.selenium.remote.RemoteWebDriver.findElement(RemoteWebDriver.java:402)
	at letzNavTestFrameWork.letzNavTestScripts.letzNavEditorRegression.postWorkFlowCreation(letzNavEditorRegression.java:258)
... Removed 28 stack frames</pre></div><a href='#' onClick='toggleBox("stack-trace1492219097", this, "Click to show all stack frames", "Click to hide stack frames")'>Click to show all stack frames</a>
<div class='stack-trace' id='stack-trace1492219097'><pre>org.openqa.selenium.NoSuchElementException: no such element: Unable to locate element: {&quot;method&quot;:&quot;xpath&quot;,&quot;selector&quot;:&quot;//flow-view/step-view/div/div/span[@aria-haspopup=&apos;true&apos;]&quot;}
  (Session info: chrome=64.0.3282.140)
  (Driver info: chromedriver=2.33.506120 (e3e53437346286c0bc2d2dc9aa4915ba81d9023f),platform=Windows NT 10.0.16299 x86_64) (WARNING: The server did not provide any stacktrace information)
Command duration or timeout: 10.07 seconds
For documentation on this error, please visit: http://seleniumhq.org/exceptions/no_such_element.html
Build info: version: &apos;3.4.0&apos;, revision: &apos;unknown&apos;, time: &apos;unknown&apos;
System info: host: &apos;ETHYDLP084&apos;, ip: &apos;192.168.14.93&apos;, os.name: &apos;Windows 10&apos;, os.arch: &apos;amd64&apos;, os.version: &apos;10.0&apos;, java.version: &apos;1.8.0_151&apos;
Driver info: org.openqa.selenium.chrome.ChromeDriver
Capabilities [{applicationCacheEnabled=false, rotatable=false, mobileEmulationEnabled=false, networkConnectionEnabled=false, chrome={chromedriverVersion=2.33.506120 (e3e53437346286c0bc2d2dc9aa4915ba81d9023f), userDataDir=C:\Users\ankur.sh\AppData\Local\Temp\scoped_dir2296_32227}, takesHeapSnapshot=true, pageLoadStrategy=normal, databaseEnabled=false, handlesAlerts=true, hasTouchScreen=false, version=64.0.3282.140, platform=XP, browserConnectionEnabled=false, nativeEvents=true, acceptSslCerts=true, locationContextEnabled=true, webStorageEnabled=true, browserName=chrome, takesScreenshot=true, javascriptEnabled=true, cssSelectorsEnabled=true, setWindowRect=true, unexpectedAlertBehaviour=}]
Session ID: 5cdb0d1da47955302af5657d38b60701
*** Element info: {Using=xpath, value=//flow-view/step-view/div/div/span[@aria-haspopup=&apos;true&apos;]}
	at sun.reflect.GeneratedConstructorAccessor24.newInstance(Unknown Source)
	at sun.reflect.DelegatingConstructorAccessorImpl.newInstance(DelegatingConstructorAccessorImpl.java:45)
	at java.lang.reflect.Constructor.newInstance(Constructor.java:423)
	at org.openqa.selenium.remote.ErrorHandler.createThrowable(ErrorHandler.java:215)
	at org.openqa.selenium.remote.ErrorHandler.throwIfResponseFailed(ErrorHandler.java:167)
	at org.openqa.selenium.remote.RemoteWebDriver.execute(RemoteWebDriver.java:671)
	at org.openqa.selenium.remote.RemoteWebDriver.findElement(RemoteWebDriver.java:410)
	at org.openqa.selenium.remote.RemoteWebDriver.findElementByXPath(RemoteWebDriver.java:509)
	at org.openqa.selenium.By$ByXPath.findElement(By.java:361)
	at org.openqa.selenium.remote.RemoteWebDriver.findElement(RemoteWebDriver.java:402)
	at letzNavTestFrameWork.letzNavTestScripts.letzNavEditorRegression.postWorkFlowCreation(letzNavEditorRegression.java:258)
	at sun.reflect.NativeMethodAccessorImpl.invoke0(Native Method)
	at sun.reflect.NativeMethodAccessorImpl.invoke(NativeMethodAccessorImpl.java:62)
	at sun.reflect.DelegatingMethodAccessorImpl.invoke(DelegatingMethodAccessorImpl.java:43)
	at java.lang.reflect.Method.invoke(Method.java:498)
	at org.testng.internal.MethodInvocationHelper.invokeMethod(MethodInvocationHelper.java:124)
	at org.testng.internal.Invoker.invokeMethod(Invoker.java:571)
	at org.testng.internal.Invoker.invokeTestMethod(Invoker.java:707)
	at org.testng.internal.Invoker.invokeTestMethods(Invoker.java:979)
	at org.testng.internal.TestMethodWorker.invokeTestMethods(TestMethodWorker.java:125)
	at org.testng.internal.TestMethodWorker.run(TestMethodWorker.java:109)
	at org.testng.TestRunner.privateRun(TestRunner.java:648)
	at org.testng.TestRunner.run(TestRunner.java:505)
	at org.testng.SuiteRunner.runTest(SuiteRunner.java:455)
	at org.testng.SuiteRunner.runSequentially(SuiteRunner.java:450)
	at org.testng.SuiteRunner.privateRun(SuiteRunner.java:415)
	at org.testng.SuiteRunner.run(SuiteRunner.java:364)
	at org.testng.SuiteRunnerWorker.runSuite(SuiteRunnerWorker.java:52)
	at org.testng.SuiteRunnerWorker.run(SuiteRunnerWorker.java:84)
	at org.testng.TestNG.runSuitesSequentially(TestNG.java:1187)
	at org.testng.TestNG.runSuitesLocally(TestNG.java:1116)
	at org.testng.TestNG.runSuites(TestNG.java:1028)
	at org.testng.TestNG.run(TestNG.java:996)
	at org.testng.remote.AbstractRemoteTestNG.run(AbstractRemoteTestNG.java:114)
	at org.testng.remote.RemoteTestNG.initAndRun(RemoteTestNG.java:251)
	at org.testng.remote.RemoteTestNG.main(RemoteTestNG.java:77)
</pre></div></td>
<td>10</td>
<td>letzNavTestFrameWork.letzNavTestScripts.letzNavEditorRegression@74294adb</td></tr>
<tr>
<td title='letzNavTestFrameWork.letzNavTestScripts.letzNavEditorRegression.preNavTipSetUp()'><b>preNavTipSetUp</b><br>Test class: letzNavTestFrameWork.letzNavTestScripts.letzNavEditorRegression</td>
<td><div><pre>org.openqa.selenium.NoSuchElementException: no such element: Unable to locate element: {&quot;method&quot;:&quot;xpath&quot;,&quot;selector&quot;:&quot;//back-btn[@backto=&apos;admin/forms&apos;]/span&quot;}
  (Session info: chrome=64.0.3282.140)
  (Driver info: chromedriver=2.33.506120 (e3e53437346286c0bc2d2dc9aa4915ba81d9023f),platform=Windows NT 10.0.16299 x86_64) (WARNING: The server did not provide any stacktrace information)
Command duration or timeout: 10.05 seconds
For documentation on this error, please visit: http://seleniumhq.org/exceptions/no_such_element.html
Build info: version: &apos;3.4.0&apos;, revision: &apos;unknown&apos;, time: &apos;unknown&apos;
System info: host: &apos;ETHYDLP084&apos;, ip: &apos;192.168.14.93&apos;, os.name: &apos;Windows 10&apos;, os.arch: &apos;amd64&apos;, os.version: &apos;10.0&apos;, java.version: &apos;1.8.0_151&apos;
Driver info: org.openqa.selenium.chrome.ChromeDriver
Capabilities [{applicationCacheEnabled=false, rotatable=false, mobileEmulationEnabled=false, networkConnectionEnabled=false, chrome={chromedriverVersion=2.33.506120 (e3e53437346286c0bc2d2dc9aa4915ba81d9023f), userDataDir=C:\Users\ankur.sh\AppData\Local\Temp\scoped_dir2296_32227}, takesHeapSnapshot=true, pageLoadStrategy=normal, databaseEnabled=false, handlesAlerts=true, hasTouchScreen=false, version=64.0.3282.140, platform=XP, browserConnectionEnabled=false, nativeEvents=true, acceptSslCerts=true, locationContextEnabled=true, webStorageEnabled=true, browserName=chrome, takesScreenshot=true, javascriptEnabled=true, cssSelectorsEnabled=true, setWindowRect=true, unexpectedAlertBehaviour=}]
Session ID: 5cdb0d1da47955302af5657d38b60701
*** Element info: {Using=xpath, value=//back-btn[@backto=&apos;admin/forms&apos;]/span}
	at org.openqa.selenium.remote.ErrorHandler.createThrowable(ErrorHandler.java:215)
	at org.openqa.selenium.remote.ErrorHandler.throwIfResponseFailed(ErrorHandler.java:167)
	at org.openqa.selenium.remote.RemoteWebDriver.execute(RemoteWebDriver.java:671)
	at org.openqa.selenium.remote.RemoteWebDriver.findElement(RemoteWebDriver.java:410)
	at org.openqa.selenium.remote.RemoteWebDriver.findElementByXPath(RemoteWebDriver.java:509)
	at org.openqa.selenium.By$ByXPath.findElement(By.java:361)
	at org.openqa.selenium.remote.RemoteWebDriver.findElement(RemoteWebDriver.java:402)
	at letzNavTestFrameWork.letzNavTestScripts.letzNavEditorRegression.preNavTipSetUp(letzNavEditorRegression.java:142)
... Removed 29 stack frames</pre></div><a href='#' onClick='toggleBox("stack-trace678962690", this, "Click to show all stack frames", "Click to hide stack frames")'>Click to show all stack frames</a>
<div class='stack-trace' id='stack-trace678962690'><pre>org.openqa.selenium.NoSuchElementException: no such element: Unable to locate element: {&quot;method&quot;:&quot;xpath&quot;,&quot;selector&quot;:&quot;//back-btn[@backto=&apos;admin/forms&apos;]/span&quot;}
  (Session info: chrome=64.0.3282.140)
  (Driver info: chromedriver=2.33.506120 (e3e53437346286c0bc2d2dc9aa4915ba81d9023f),platform=Windows NT 10.0.16299 x86_64) (WARNING: The server did not provide any stacktrace information)
Command duration or timeout: 10.05 seconds
For documentation on this error, please visit: http://seleniumhq.org/exceptions/no_such_element.html
Build info: version: &apos;3.4.0&apos;, revision: &apos;unknown&apos;, time: &apos;unknown&apos;
System info: host: &apos;ETHYDLP084&apos;, ip: &apos;192.168.14.93&apos;, os.name: &apos;Windows 10&apos;, os.arch: &apos;amd64&apos;, os.version: &apos;10.0&apos;, java.version: &apos;1.8.0_151&apos;
Driver info: org.openqa.selenium.chrome.ChromeDriver
Capabilities [{applicationCacheEnabled=false, rotatable=false, mobileEmulationEnabled=false, networkConnectionEnabled=false, chrome={chromedriverVersion=2.33.506120 (e3e53437346286c0bc2d2dc9aa4915ba81d9023f), userDataDir=C:\Users\ankur.sh\AppData\Local\Temp\scoped_dir2296_32227}, takesHeapSnapshot=true, pageLoadStrategy=normal, databaseEnabled=false, handlesAlerts=true, hasTouchScreen=false, version=64.0.3282.140, platform=XP, browserConnectionEnabled=false, nativeEvents=true, acceptSslCerts=true, locationContextEnabled=true, webStorageEnabled=true, browserName=chrome, takesScreenshot=true, javascriptEnabled=true, cssSelectorsEnabled=true, setWindowRect=true, unexpectedAlertBehaviour=}]
Session ID: 5cdb0d1da47955302af5657d38b60701
*** Element info: {Using=xpath, value=//back-btn[@backto=&apos;admin/forms&apos;]/span}
	at sun.reflect.NativeConstructorAccessorImpl.newInstance0(Native Method)
	at sun.reflect.NativeConstructorAccessorImpl.newInstance(NativeConstructorAccessorImpl.java:62)
	at sun.reflect.DelegatingConstructorAccessorImpl.newInstance(DelegatingConstructorAccessorImpl.java:45)
	at java.lang.reflect.Constructor.newInstance(Constructor.java:423)
	at org.openqa.selenium.remote.ErrorHandler.createThrowable(ErrorHandler.java:215)
	at org.openqa.selenium.remote.ErrorHandler.throwIfResponseFailed(ErrorHandler.java:167)
	at org.openqa.selenium.remote.RemoteWebDriver.execute(RemoteWebDriver.java:671)
	at org.openqa.selenium.remote.RemoteWebDriver.findElement(RemoteWebDriver.java:410)
	at org.openqa.selenium.remote.RemoteWebDriver.findElementByXPath(RemoteWebDriver.java:509)
	at org.openqa.selenium.By$ByXPath.findElement(By.java:361)
	at org.openqa.selenium.remote.RemoteWebDriver.findElement(RemoteWebDriver.java:402)
	at letzNavTestFrameWork.letzNavTestScripts.letzNavEditorRegression.preNavTipSetUp(letzNavEditorRegression.java:142)
	at sun.reflect.NativeMethodAccessorImpl.invoke0(Native Method)
	at sun.reflect.NativeMethodAccessorImpl.invoke(NativeMethodAccessorImpl.java:62)
	at sun.reflect.DelegatingMethodAccessorImpl.invoke(DelegatingMethodAccessorImpl.java:43)
	at java.lang.reflect.Method.invoke(Method.java:498)
	at org.testng.internal.MethodInvocationHelper.invokeMethod(MethodInvocationHelper.java:124)
	at org.testng.internal.Invoker.invokeMethod(Invoker.java:571)
	at org.testng.internal.Invoker.invokeTestMethod(Invoker.java:707)
	at org.testng.internal.Invoker.invokeTestMethods(Invoker.java:979)
	at org.testng.internal.TestMethodWorker.invokeTestMethods(TestMethodWorker.java:125)
	at org.testng.internal.TestMethodWorker.run(TestMethodWorker.java:109)
	at org.testng.TestRunner.privateRun(TestRunner.java:648)
	at org.testng.TestRunner.run(TestRunner.java:505)
	at org.testng.SuiteRunner.runTest(SuiteRunner.java:455)
	at org.testng.SuiteRunner.runSequentially(SuiteRunner.java:450)
	at org.testng.SuiteRunner.privateRun(SuiteRunner.java:415)
	at org.testng.SuiteRunner.run(SuiteRunner.java:364)
	at org.testng.SuiteRunnerWorker.runSuite(SuiteRunnerWorker.java:52)
	at org.testng.SuiteRunnerWorker.run(SuiteRunnerWorker.java:84)
	at org.testng.TestNG.runSuitesSequentially(TestNG.java:1187)
	at org.testng.TestNG.runSuitesLocally(TestNG.java:1116)
	at org.testng.TestNG.runSuites(TestNG.java:1028)
	at org.testng.TestNG.run(TestNG.java:996)
	at org.testng.remote.AbstractRemoteTestNG.run(AbstractRemoteTestNG.java:114)
	at org.testng.remote.RemoteTestNG.initAndRun(RemoteTestNG.java:251)
	at org.testng.remote.RemoteTestNG.main(RemoteTestNG.java:77)
</pre></div></td>
<td>10</td>
<td>letzNavTestFrameWork.letzNavTestScripts.letzNavEditorRegression@74294adb</td></tr>
<tr>
<td title='letzNavTestFrameWork.letzNavTestScripts.letzNavEditorRegression.preWorkFlowSetUp()'><b>preWorkFlowSetUp</b><br>Test class: letzNavTestFrameWork.letzNavTestScripts.letzNavEditorRegression</td>
<td><div><pre>org.openqa.selenium.NoSuchElementException: no such element: Unable to locate element: {&quot;method&quot;:&quot;xpath&quot;,&quot;selector&quot;:&quot;//back-btn/span[@class=&apos;letznav-panel-btn back&apos;]&quot;}
  (Session info: chrome=64.0.3282.140)
  (Driver info: chromedriver=2.33.506120 (e3e53437346286c0bc2d2dc9aa4915ba81d9023f),platform=Windows NT 10.0.16299 x86_64) (WARNING: The server did not provide any stacktrace information)
Command duration or timeout: 10.14 seconds
For documentation on this error, please visit: http://seleniumhq.org/exceptions/no_such_element.html
Build info: version: &apos;3.4.0&apos;, revision: &apos;unknown&apos;, time: &apos;unknown&apos;
System info: host: &apos;ETHYDLP084&apos;, ip: &apos;192.168.14.93&apos;, os.name: &apos;Windows 10&apos;, os.arch: &apos;amd64&apos;, os.version: &apos;10.0&apos;, java.version: &apos;1.8.0_151&apos;
Driver info: org.openqa.selenium.chrome.ChromeDriver
Capabilities [{applicationCacheEnabled=false, rotatable=false, mobileEmulationEnabled=false, networkConnectionEnabled=false, chrome={chromedriverVersion=2.33.506120 (e3e53437346286c0bc2d2dc9aa4915ba81d9023f), userDataDir=C:\Users\ankur.sh\AppData\Local\Temp\scoped_dir2296_32227}, takesHeapSnapshot=true, pageLoadStrategy=normal, databaseEnabled=false, handlesAlerts=true, hasTouchScreen=false, version=64.0.3282.140, platform=XP, browserConnectionEnabled=false, nativeEvents=true, acceptSslCerts=true, locationContextEnabled=true, webStorageEnabled=true, browserName=chrome, takesScreenshot=true, javascriptEnabled=true, cssSelectorsEnabled=true, setWindowRect=true, unexpectedAlertBehaviour=}]
Session ID: 5cdb0d1da47955302af5657d38b60701
*** Element info: {Using=xpath, value=//back-btn/span[@class=&apos;letznav-panel-btn back&apos;]}
	at org.openqa.selenium.remote.ErrorHandler.createThrowable(ErrorHandler.java:215)
	at org.openqa.selenium.remote.ErrorHandler.throwIfResponseFailed(ErrorHandler.java:167)
	at org.openqa.selenium.remote.RemoteWebDriver.execute(RemoteWebDriver.java:671)
	at org.openqa.selenium.remote.RemoteWebDriver.findElement(RemoteWebDriver.java:410)
	at org.openqa.selenium.remote.RemoteWebDriver.findElementByXPath(RemoteWebDriver.java:509)
	at org.openqa.selenium.By$ByXPath.findElement(By.java:361)
	at org.openqa.selenium.remote.RemoteWebDriver.findElement(RemoteWebDriver.java:402)
	at letzNavTestFrameWork.letzNavTestScripts.letzNavEditorRegression.preWorkFlowSetUp(letzNavEditorRegression.java:218)
... Removed 28 stack frames</pre></div><a href='#' onClick='toggleBox("stack-trace1940912369", this, "Click to show all stack frames", "Click to hide stack frames")'>Click to show all stack frames</a>
<div class='stack-trace' id='stack-trace1940912369'><pre>org.openqa.selenium.NoSuchElementException: no such element: Unable to locate element: {&quot;method&quot;:&quot;xpath&quot;,&quot;selector&quot;:&quot;//back-btn/span[@class=&apos;letznav-panel-btn back&apos;]&quot;}
  (Session info: chrome=64.0.3282.140)
  (Driver info: chromedriver=2.33.506120 (e3e53437346286c0bc2d2dc9aa4915ba81d9023f),platform=Windows NT 10.0.16299 x86_64) (WARNING: The server did not provide any stacktrace information)
Command duration or timeout: 10.14 seconds
For documentation on this error, please visit: http://seleniumhq.org/exceptions/no_such_element.html
Build info: version: &apos;3.4.0&apos;, revision: &apos;unknown&apos;, time: &apos;unknown&apos;
System info: host: &apos;ETHYDLP084&apos;, ip: &apos;192.168.14.93&apos;, os.name: &apos;Windows 10&apos;, os.arch: &apos;amd64&apos;, os.version: &apos;10.0&apos;, java.version: &apos;1.8.0_151&apos;
Driver info: org.openqa.selenium.chrome.ChromeDriver
Capabilities [{applicationCacheEnabled=false, rotatable=false, mobileEmulationEnabled=false, networkConnectionEnabled=false, chrome={chromedriverVersion=2.33.506120 (e3e53437346286c0bc2d2dc9aa4915ba81d9023f), userDataDir=C:\Users\ankur.sh\AppData\Local\Temp\scoped_dir2296_32227}, takesHeapSnapshot=true, pageLoadStrategy=normal, databaseEnabled=false, handlesAlerts=true, hasTouchScreen=false, version=64.0.3282.140, platform=XP, browserConnectionEnabled=false, nativeEvents=true, acceptSslCerts=true, locationContextEnabled=true, webStorageEnabled=true, browserName=chrome, takesScreenshot=true, javascriptEnabled=true, cssSelectorsEnabled=true, setWindowRect=true, unexpectedAlertBehaviour=}]
Session ID: 5cdb0d1da47955302af5657d38b60701
*** Element info: {Using=xpath, value=//back-btn/span[@class=&apos;letznav-panel-btn back&apos;]}
	at sun.reflect.GeneratedConstructorAccessor24.newInstance(Unknown Source)
	at sun.reflect.DelegatingConstructorAccessorImpl.newInstance(DelegatingConstructorAccessorImpl.java:45)
	at java.lang.reflect.Constructor.newInstance(Constructor.java:423)
	at org.openqa.selenium.remote.ErrorHandler.createThrowable(ErrorHandler.java:215)
	at org.openqa.selenium.remote.ErrorHandler.throwIfResponseFailed(ErrorHandler.java:167)
	at org.openqa.selenium.remote.RemoteWebDriver.execute(RemoteWebDriver.java:671)
	at org.openqa.selenium.remote.RemoteWebDriver.findElement(RemoteWebDriver.java:410)
	at org.openqa.selenium.remote.RemoteWebDriver.findElementByXPath(RemoteWebDriver.java:509)
	at org.openqa.selenium.By$ByXPath.findElement(By.java:361)
	at org.openqa.selenium.remote.RemoteWebDriver.findElement(RemoteWebDriver.java:402)
	at letzNavTestFrameWork.letzNavTestScripts.letzNavEditorRegression.preWorkFlowSetUp(letzNavEditorRegression.java:218)
	at sun.reflect.NativeMethodAccessorImpl.invoke0(Native Method)
	at sun.reflect.NativeMethodAccessorImpl.invoke(NativeMethodAccessorImpl.java:62)
	at sun.reflect.DelegatingMethodAccessorImpl.invoke(DelegatingMethodAccessorImpl.java:43)
	at java.lang.reflect.Method.invoke(Method.java:498)
	at org.testng.internal.MethodInvocationHelper.invokeMethod(MethodInvocationHelper.java:124)
	at org.testng.internal.Invoker.invokeMethod(Invoker.java:571)
	at org.testng.internal.Invoker.invokeTestMethod(Invoker.java:707)
	at org.testng.internal.Invoker.invokeTestMethods(Invoker.java:979)
	at org.testng.internal.TestMethodWorker.invokeTestMethods(TestMethodWorker.java:125)
	at org.testng.internal.TestMethodWorker.run(TestMethodWorker.java:109)
	at org.testng.TestRunner.privateRun(TestRunner.java:648)
	at org.testng.TestRunner.run(TestRunner.java:505)
	at org.testng.SuiteRunner.runTest(SuiteRunner.java:455)
	at org.testng.SuiteRunner.runSequentially(SuiteRunner.java:450)
	at org.testng.SuiteRunner.privateRun(SuiteRunner.java:415)
	at org.testng.SuiteRunner.run(SuiteRunner.java:364)
	at org.testng.SuiteRunnerWorker.runSuite(SuiteRunnerWorker.java:52)
	at org.testng.SuiteRunnerWorker.run(SuiteRunnerWorker.java:84)
	at org.testng.TestNG.runSuitesSequentially(TestNG.java:1187)
	at org.testng.TestNG.runSuitesLocally(TestNG.java:1116)
	at org.testng.TestNG.runSuites(TestNG.java:1028)
	at org.testng.TestNG.run(TestNG.java:996)
	at org.testng.remote.AbstractRemoteTestNG.run(AbstractRemoteTestNG.java:114)
	at org.testng.remote.RemoteTestNG.initAndRun(RemoteTestNG.java:251)
	at org.testng.remote.RemoteTestNG.main(RemoteTestNG.java:77)
</pre></div></td>
<td>10</td>
<td>letzNavTestFrameWork.letzNavTestScripts.letzNavEditorRegression@74294adb</td></tr>
</table><p>
<table width='100%' border='1' class='invocation-passed'>
<tr><td colspan='4' align='center'><b>PASSED TESTS</b></td></tr>
<tr><td><b>Test method</b></td>
<td width="30%"><b>Exception</b></td>
<td width="10%"><b>Time (seconds)</b></td>
<td><b>Instance</b></td>
</tr>
<tr>
<td title='letzNavTestFrameWork.letzNavTestScripts.letzNavEditorRegression.editorLogin()'><b>editorLogin</b><br>Test class: letzNavTestFrameWork.letzNavTestScripts.letzNavEditorRegression</td>
<td></td>
<td>10</td>
<td>letzNavTestFrameWork.letzNavTestScripts.letzNavEditorRegression@74294adb</td></tr>
<tr>
<td title='letzNavTestFrameWork.letzNavTestScripts.letzNavEditorRegression.preLauncherSetUp()'><b>preLauncherSetUp</b><br>Test class: letzNavTestFrameWork.letzNavTestScripts.letzNavEditorRegression</td>
<td></td>
<td>10</td>
<td>letzNavTestFrameWork.letzNavTestScripts.letzNavEditorRegression@74294adb</td></tr>
<tr>
<td title='letzNavTestFrameWork.letzNavTestScripts.letzNavEditorRegression.preLauncherTest()'><b>preLauncherTest</b><br>Test class: letzNavTestFrameWork.letzNavTestScripts.letzNavEditorRegression</td>
<td></td>
<td>20</td>
<td>letzNavTestFrameWork.letzNavTestScripts.letzNavEditorRegression@74294adb</td></tr>
<tr>
<td title='letzNavTestFrameWork.letzNavTestScripts.letzNavEditorRegression.preNavTipTest()'><b>preNavTipTest</b><br>Test class: letzNavTestFrameWork.letzNavTestScripts.letzNavEditorRegression</td>
<td></td>
<td>20</td>
<td>letzNavTestFrameWork.letzNavTestScripts.letzNavEditorRegression@74294adb</td></tr>
<tr>
<td title='letzNavTestFrameWork.letzNavTestScripts.letzNavEditorRegression.preValidationTest()'><b>preValidationTest</b><br>Test class: letzNavTestFrameWork.letzNavTestScripts.letzNavEditorRegression</td>
<td></td>
<td>20</td>
<td>letzNavTestFrameWork.letzNavTestScripts.letzNavEditorRegression@74294adb</td></tr>
<tr>
<td title='letzNavTestFrameWork.letzNavTestScripts.letzNavEditorRegression.preWorkFlowTest()'><b>preWorkFlowTest</b><br>Test class: letzNavTestFrameWork.letzNavTestScripts.letzNavEditorRegression</td>
<td></td>
<td>10</td>
<td>letzNavTestFrameWork.letzNavTestScripts.letzNavEditorRegression@74294adb</td></tr>
<tr>
<td title='letzNavTestFrameWork.letzNavTestScripts.letzNavEditorRegression.validateLaunchers()'><b>validateLaunchers</b><br>Test class: letzNavTestFrameWork.letzNavTestScripts.letzNavEditorRegression<br>Parameters: //td/input[@name='portlet_title'], link,  PortletTitle, NameTitle, https://timesofindia.indiatimes.com/</td>
<td></td>
<td>10</td>
<td>letzNavTestFrameWork.letzNavTestScripts.letzNavEditorRegression@74294adb</td></tr>
<tr>
<td title='letzNavTestFrameWork.letzNavTestScripts.letzNavEditorRegression.validateLaunchers()'><b>validateLaunchers</b><br>Test class: letzNavTestFrameWork.letzNavTestScripts.letzNavEditorRegression<br>Parameters: //td/input[@name='portlet_code'], link,  PortletCode, NameCode, https://timesofindia.indiatimes.com/</td>
<td></td>
<td>10</td>
<td>letzNavTestFrameWork.letzNavTestScripts.letzNavEditorRegression@74294adb</td></tr>
<tr>
<td title='letzNavTestFrameWork.letzNavTestScripts.letzNavEditorRegression.validateLaunchers()'><b>validateLaunchers</b><br>Test class: letzNavTestFrameWork.letzNavTestScripts.letzNavEditorRegression<br>Parameters: //input[@name='portlet_description'], link,  PortletCategory, NameCategory, https://timesofindia.indiatimes.com/</td>
<td></td>
<td>10</td>
<td>letzNavTestFrameWork.letzNavTestScripts.letzNavEditorRegression@74294adb</td></tr>
<tr>
<td title='letzNavTestFrameWork.letzNavTestScripts.letzNavEditorRegression.validateNavTips()'><b>validateNavTips</b><br>Test class: letzNavTestFrameWork.letzNavTestScripts.letzNavEditorRegression<br>Parameters: //td/input[@name='portlet_title'],  Automation Title,   Test Title</td>
<td></td>
<td>10</td>
<td>letzNavTestFrameWork.letzNavTestScripts.letzNavEditorRegression@74294adb</td></tr>
<tr>
<td title='letzNavTestFrameWork.letzNavTestScripts.letzNavEditorRegression.validateNavTips()'><b>validateNavTips</b><br>Test class: letzNavTestFrameWork.letzNavTestScripts.letzNavEditorRegression<br>Parameters: //td/input[@name='portlet_code'],  Automation Code,   Test Code</td>
<td></td>
<td>10</td>
<td>letzNavTestFrameWork.letzNavTestScripts.letzNavEditorRegression@74294adb</td></tr>
<tr>
<td title='letzNavTestFrameWork.letzNavTestScripts.letzNavEditorRegression.validateNavTips()'><b>validateNavTips</b><br>Test class: letzNavTestFrameWork.letzNavTestScripts.letzNavEditorRegression<br>Parameters: //select[@name='category'],  Automation Category,   Test Category</td>
<td></td>
<td>10</td>
<td>letzNavTestFrameWork.letzNavTestScripts.letzNavEditorRegression@74294adb</td></tr>
<tr>
<td title='letzNavTestFrameWork.letzNavTestScripts.letzNavEditorRegression.validateValidation()'><b>validateValidation</b><br>Test class: letzNavTestFrameWork.letzNavTestScripts.letzNavEditorRegression<br>Parameters: //input[@name='portlet_code'], 10, 20, #$%!, error 404, console.log('testAssertion');, cust err 402</td>
<td></td>
<td>10</td>
<td>letzNavTestFrameWork.letzNavTestScripts.letzNavEditorRegression@74294adb</td></tr>
<tr>
<td title='letzNavTestFrameWork.letzNavTestScripts.letzNavEditorRegression.validateValidation()'><b>validateValidation</b><br>Test class: letzNavTestFrameWork.letzNavTestScripts.letzNavEditorRegression<br>Parameters: //select[@name='category'], 10, 20, #$%!, error 404, console.log('testAssertion');, cust err 402</td>
<td></td>
<td>10</td>
<td>letzNavTestFrameWork.letzNavTestScripts.letzNavEditorRegression@74294adb</td></tr>
<tr>
<td title='letzNavTestFrameWork.letzNavTestScripts.letzNavEditorRegression.validateValidation()'><b>validateValidation</b><br>Test class: letzNavTestFrameWork.letzNavTestScripts.letzNavEditorRegression<br>Parameters: //td/input[@name='portlet_code'], 10, 20, #$%!, error 404, console.log('testAssertion');, cust err 402</td>
<td></td>
<td>10</td>
<td>letzNavTestFrameWork.letzNavTestScripts.letzNavEditorRegression@74294adb</td></tr>
<tr>
<td title='letzNavTestFrameWork.letzNavTestScripts.letzNavEditorRegression.validateWorkFlows()'><b>validateWorkFlows</b><br>Test class: letzNavTestFrameWork.letzNavTestScripts.letzNavEditorRegression<br>Parameters: //input[@name='portlet_code'], Automation, clickOnElement, cornerBottomRight, false</td>
<td></td>
<td>10</td>
<td>letzNavTestFrameWork.letzNavTestScripts.letzNavEditorRegression@74294adb</td></tr>
<tr>
<td title='letzNavTestFrameWork.letzNavTestScripts.letzNavEditorRegression.validateWorkFlows()'><b>validateWorkFlows</b><br>Test class: letzNavTestFrameWork.letzNavTestScripts.letzNavEditorRegression<br>Parameters: //td/input[@name='portlet_title'], Automation, clickOnElement, cornerBottomRight, false</td>
<td></td>
<td>10</td>
<td>letzNavTestFrameWork.letzNavTestScripts.letzNavEditorRegression@74294adb</td></tr>
<tr>
<td title='letzNavTestFrameWork.letzNavTestScripts.letzNavEditorRegression.validateWorkFlows()'><b>validateWorkFlows</b><br>Test class: letzNavTestFrameWork.letzNavTestScripts.letzNavEditorRegression<br>Parameters: //h1[@class='ppm_workspace_title'], Automation, clickOnElement, cornerBottomRight, false</td>
<td></td>
<td>10</td>
<td>letzNavTestFrameWork.letzNavTestScripts.letzNavEditorRegression@74294adb</td></tr>
</table><p>
</body>
</html>